[0;36m[INFO][0m 🌟 DÉBUT ACTIVATION AUTONOMIE TOTALE - lun 18 aoû 2025 19:47:36 EDT
[0;36m[INFO][0m 🧪 Test final de tous les systèmes...
[0;36m[INFO][0m Test orchestrateur autonome...
[0;32m[SUCCESS][0m Orchestrateur autonome OK
[0;36m[INFO][0m Test agents autonomes...
[0;32m[SUCCESS][0m Agent recherche théorique présent
[0;32m[SUCCESS][0m Agent critique adverse présent
[0;36m[INFO][0m Test Google Drive...
[0;32m[SUCCESS][0m Manager Google Drive présent
[0;36m[INFO][0m Test package reMarkable...
[0;32m[SUCCESS][0m Package reMarkable: 0 PDFs prêts
[0;36m[INFO][0m ⏰ Configuration cron autonome...
[0;36m[INFO][0m Installation crontab autonome...
[0;32m[SUCCESS][0m Crontab autonome activé
[0;36m[INFO][0m Prochaines tâches programmées:
[0;36m[INFO][0m 📋 Génération guide utilisateur final...
[0;32m[SUCCESS][0m Guide utilisateur créé: AUTONOMY_ACTIVATED_README.md
[0;36m[INFO][0m 🚀 Activation autonomie totale...
[0;36m[INFO][0m Démarrage monitoring permanent...
[0;32m[SUCCESS][0m Monitoring permanent démarré (PID: 3049289)
[0;36m[INFO][0m Commit final état autonome...
