[0;34m[INFO][0m 🚀 DÉBUT EXTERNALISATION TOTALE - lun 18 aoû 2025 19:40:00 EDT
[0;34m[INFO][0m Objectif: Autonomie 100% post-Totoro
[0;35m[STEP][0m Phase 1: Préparation migration cloud
[0;34m[INFO][0m Sauvegarde agents autonomes...
[0;34m[INFO][0m Sauvegarde configuration...
[0;34m[INFO][0m Sauvegarde publications...
[0;32m[SUCCESS][0m Backup local créé dans /home/stephane/GitHub/PaniniFS-1/cloud_backup
[0;35m[STEP][0m Phase 2: Configuration Google Drive autonome
[0;34m[INFO][0m ⚠️ Credentials Google Drive manquants
[0;34m[INFO][0m 🔧 Configuration manuelle requise:
[0;34m[INFO][0m Template créé dans gdrive_credentials/credentials_template.json
[0;34m[INFO][0m Test connexion Google Drive...
[0;32m[SUCCESS][0m Google Drive API opérationnelle
[0;35m[STEP][0m Phase 3: Déploiement agents cloud
[0;32m[SUCCESS][0m Scripts cloud déployés dans /home/stephane/GitHub/PaniniFS-1/cloud_backup
[0;35m[STEP][0m Phase 4: Configuration cron autonome
[0;34m[INFO][0m Crontab autonome créé dans /home/stephane/GitHub/PaniniFS-1/cloud_backup/autonomous_crontab.txt
[0;34m[INFO][0m Pour activer: crontab /home/stephane/GitHub/PaniniFS-1/cloud_backup/autonomous_crontab.txt
[0;35m[STEP][0m Phase 5: Tests pré-externalisation
[0;34m[INFO][0m Test 1: Agents autonomes...
[0;32m[SUCCESS][0m Orchestrateur fonctionnel
[0;34m[INFO][0m Test 2: GitHub API...
[0;32m[SUCCESS][0m GitHub API accessible
[0;34m[INFO][0m Test 3: Espace disque...
[0;32m[SUCCESS][0m Espace disque OK (41%)
[0;35m[STEP][0m Phase 6: Instructions finales externalisation
[0;32m[SUCCESS][0m Instructions finales créées
[0;32m[SUCCESS][0m 🌌 Backup complet créé dans: /home/stephane/GitHub/PaniniFS-1/cloud_backup
[0;32m[SUCCESS][0m 📋 Instructions: /home/stephane/GitHub/PaniniFS-1/cloud_backup/POST_TOTORO_INSTRUCTIONS.md
[0;32m[SUCCESS][0m ⏰ ETA extinction Totoro: 1 heure
